{"C:\\Users\\Юля\\Desktop\\space\\fullstack\\test-admin\\server\\index.js": {"path":"C:\\Users\\Юля\\Desktop\\space\\fullstack\\test-admin\\server\\index.js","statementMap":{"0":{"start":{"line":1,"column":0},"end":{"line":1,"column":49}},"1":{"start":{"line":2,"column":0},"end":{"line":2,"column":49}},"2":{"start":{"line":4,"column":16},"end":{"line":4,"column":34}},"3":{"start":{"line":5,"column":17},"end":{"line":5,"column":36}},"4":{"start":{"line":7,"column":15},"end":{"line":7,"column":42}},"5":{"start":{"line":9,"column":13},"end":{"line":9,"column":17}},"6":{"start":{"line":11,"column":12},"end":{"line":11,"column":21}},"7":{"start":{"line":13,"column":0},"end":{"line":13,"column":43}},"8":{"start":{"line":14,"column":0},"end":{"line":14,"column":59}},"9":{"start":{"line":14,"column":31},"end":{"line":14,"column":57}},"10":{"start":{"line":15,"column":0},"end":{"line":15,"column":21}},"11":{"start":{"line":16,"column":14},"end":{"line":27,"column":1}},"12":{"start":{"line":17,"column":2},"end":{"line":26,"column":3}},"13":{"start":{"line":18,"column":4},"end":{"line":20,"column":6}},"14":{"start":{"line":21,"column":4},"end":{"line":23,"column":5}},"15":{"start":{"line":22,"column":6},"end":{"line":22,"column":23}},"16":{"start":{"line":25,"column":4},"end":{"line":25,"column":23}},"17":{"start":{"line":28,"column":0},"end":{"line":28,"column":8}},"18":{"start":{"line":30,"column":0},"end":{"line":30,"column":25}}},"fnMap":{"0":{"name":"(anonymous_0)","decl":{"start":{"line":14,"column":17},"end":{"line":14,"column":18}},"loc":{"start":{"line":14,"column":31},"end":{"line":14,"column":57}},"line":14},"1":{"name":"(anonymous_1)","decl":{"start":{"line":16,"column":14},"end":{"line":16,"column":15}},"loc":{"start":{"line":16,"column":26},"end":{"line":27,"column":1}},"line":16}},"branchMap":{"0":{"loc":{"start":{"line":21,"column":4},"end":{"line":23,"column":5}},"type":"if","locations":[{"start":{"line":21,"column":4},"end":{"line":23,"column":5}},{"start":{},"end":{}}],"line":21}},"s":{"0":8,"1":8,"2":8,"3":8,"4":8,"5":8,"6":8,"7":8,"8":8,"9":0,"10":8,"11":8,"12":8,"13":8,"14":8,"15":0,"16":0,"17":8,"18":8},"f":{"0":0,"1":8},"b":{"0":[0,8]},"_coverageSchema":"1a1c01bbd47fc00a2c39e90264f33305004495a9","hash":"f859f1c93703d1225c2cdec8ffa36b0b0be3628e"}
,"C:\\Users\\Юля\\Desktop\\space\\fullstack\\test-admin\\server\\models\\User.js": {"path":"C:\\Users\\Юля\\Desktop\\space\\fullstack\\test-admin\\server\\models\\User.js","statementMap":{"0":{"start":{"line":1,"column":0},"end":{"line":1,"column":49}},"1":{"start":{"line":2,"column":0},"end":{"line":2,"column":49}},"2":{"start":{"line":4,"column":26},"end":{"line":4,"column":45}},"3":{"start":{"line":6,"column":13},"end":{"line":12,"column":2}},"4":{"start":{"line":14,"column":0},"end":{"line":14,"column":37}}},"fnMap":{},"branchMap":{},"s":{"0":8,"1":8,"2":8,"3":8,"4":8},"f":{},"b":{},"_coverageSchema":"1a1c01bbd47fc00a2c39e90264f33305004495a9","hash":"d1de977c378e743a9abf0ed230a81bca5f692c31"}
,"C:\\Users\\Юля\\Desktop\\space\\fullstack\\test-admin\\server\\routers\\router.js": {"path":"C:\\Users\\Юля\\Desktop\\space\\fullstack\\test-admin\\server\\routers\\router.js","statementMap":{"0":{"start":{"line":1,"column":19},"end":{"line":1,"column":37}},"1":{"start":{"line":2,"column":15},"end":{"line":2,"column":23}},"2":{"start":{"line":4,"column":13},"end":{"line":4,"column":38}},"3":{"start":{"line":6,"column":0},"end":{"line":22,"column":3}},"4":{"start":{"line":7,"column":45},"end":{"line":7,"column":53}},"5":{"start":{"line":9,"column":15},"end":{"line":15,"column":4}},"6":{"start":{"line":17,"column":2},"end":{"line":17,"column":20}},"7":{"start":{"line":19,"column":22},"end":{"line":19,"column":65}},"8":{"start":{"line":21,"column":2},"end":{"line":21,"column":40}},"9":{"start":{"line":24,"column":0},"end":{"line":32,"column":3}},"10":{"start":{"line":25,"column":30},"end":{"line":25,"column":38}},"11":{"start":{"line":27,"column":22},"end":{"line":27,"column":65}},"12":{"start":{"line":29,"column":2},"end":{"line":31,"column":49}},"13":{"start":{"line":34,"column":0},"end":{"line":40,"column":3}},"14":{"start":{"line":35,"column":19},"end":{"line":35,"column":50}},"15":{"start":{"line":37,"column":2},"end":{"line":39,"column":47}},"16":{"start":{"line":42,"column":0},"end":{"line":63,"column":3}},"17":{"start":{"line":43,"column":28},"end":{"line":43,"column":36}},"18":{"start":{"line":45,"column":21},"end":{"line":45,"column":76}},"19":{"start":{"line":46,"column":2},"end":{"line":46,"column":26}},"20":{"start":{"line":48,"column":2},"end":{"line":57,"column":12}},"21":{"start":{"line":59,"column":22},"end":{"line":59,"column":77}},"22":{"start":{"line":60,"column":2},"end":{"line":62,"column":48}},"23":{"start":{"line":65,"column":0},"end":{"line":90,"column":3}},"24":{"start":{"line":66,"column":38},"end":{"line":66,"column":46}},"25":{"start":{"line":68,"column":21},"end":{"line":68,"column":64}},"26":{"start":{"line":69,"column":26},"end":{"line":71,"column":3}},"27":{"start":{"line":70,"column":17},"end":{"line":70,"column":41}},"28":{"start":{"line":72,"column":22},"end":{"line":72,"column":46}},"29":{"start":{"line":73,"column":2},"end":{"line":73,"column":50}},"30":{"start":{"line":75,"column":2},"end":{"line":84,"column":12}},"31":{"start":{"line":86,"column":22},"end":{"line":86,"column":65}},"32":{"start":{"line":87,"column":2},"end":{"line":89,"column":48}},"33":{"start":{"line":92,"column":0},"end":{"line":114,"column":3}},"34":{"start":{"line":93,"column":26},"end":{"line":93,"column":34}},"35":{"start":{"line":95,"column":21},"end":{"line":95,"column":64}},"36":{"start":{"line":97,"column":2},"end":{"line":108,"column":12}},"37":{"start":{"line":102,"column":23},"end":{"line":102,"column":44}},"38":{"start":{"line":110,"column":22},"end":{"line":110,"column":65}},"39":{"start":{"line":111,"column":2},"end":{"line":113,"column":48}},"40":{"start":{"line":116,"column":0},"end":{"line":134,"column":3}},"41":{"start":{"line":117,"column":19},"end":{"line":117,"column":27}},"42":{"start":{"line":119,"column":2},"end":{"line":128,"column":12}},"43":{"start":{"line":130,"column":22},"end":{"line":130,"column":77}},"44":{"start":{"line":131,"column":2},"end":{"line":133,"column":48}},"45":{"start":{"line":136,"column":0},"end":{"line":146,"column":3}},"46":{"start":{"line":137,"column":20},"end":{"line":137,"column":28}},"47":{"start":{"line":139,"column":2},"end":{"line":139,"column":48}},"48":{"start":{"line":141,"column":19},"end":{"line":141,"column":50}},"49":{"start":{"line":143,"column":2},"end":{"line":145,"column":47}},"50":{"start":{"line":148,"column":0},"end":{"line":154,"column":3}},"51":{"start":{"line":149,"column":19},"end":{"line":149,"column":27}},"52":{"start":{"line":150,"column":19},"end":{"line":150,"column":74}},"53":{"start":{"line":151,"column":2},"end":{"line":153,"column":47}},"54":{"start":{"line":156,"column":0},"end":{"line":156,"column":24}}},"fnMap":{"0":{"name":"(anonymous_0)","decl":{"start":{"line":6,"column":29},"end":{"line":6,"column":30}},"loc":{"start":{"line":6,"column":49},"end":{"line":22,"column":1}},"line":6},"1":{"name":"(anonymous_1)","decl":{"start":{"line":24,"column":22},"end":{"line":24,"column":23}},"loc":{"start":{"line":24,"column":42},"end":{"line":32,"column":1}},"line":24},"2":{"name":"(anonymous_2)","decl":{"start":{"line":34,"column":21},"end":{"line":34,"column":22}},"loc":{"start":{"line":34,"column":41},"end":{"line":40,"column":1}},"line":34},"3":{"name":"(anonymous_3)","decl":{"start":{"line":42,"column":31},"end":{"line":42,"column":32}},"loc":{"start":{"line":42,"column":51},"end":{"line":63,"column":1}},"line":42},"4":{"name":"(anonymous_4)","decl":{"start":{"line":65,"column":29},"end":{"line":65,"column":30}},"loc":{"start":{"line":65,"column":49},"end":{"line":90,"column":1}},"line":65},"5":{"name":"(anonymous_5)","decl":{"start":{"line":70,"column":4},"end":{"line":70,"column":5}},"loc":{"start":{"line":70,"column":17},"end":{"line":70,"column":41}},"line":70},"6":{"name":"(anonymous_6)","decl":{"start":{"line":92,"column":32},"end":{"line":92,"column":33}},"loc":{"start":{"line":92,"column":52},"end":{"line":114,"column":1}},"line":92},"7":{"name":"(anonymous_7)","decl":{"start":{"line":102,"column":10},"end":{"line":102,"column":11}},"loc":{"start":{"line":102,"column":23},"end":{"line":102,"column":44}},"line":102},"8":{"name":"(anonymous_8)","decl":{"start":{"line":116,"column":26},"end":{"line":116,"column":27}},"loc":{"start":{"line":116,"column":46},"end":{"line":134,"column":1}},"line":116},"9":{"name":"(anonymous_9)","decl":{"start":{"line":136,"column":29},"end":{"line":136,"column":30}},"loc":{"start":{"line":136,"column":49},"end":{"line":146,"column":1}},"line":136},"10":{"name":"(anonymous_10)","decl":{"start":{"line":148,"column":21},"end":{"line":148,"column":22}},"loc":{"start":{"line":148,"column":41},"end":{"line":154,"column":1}},"line":148}},"branchMap":{"0":{"loc":{"start":{"line":29,"column":2},"end":{"line":31,"column":48}},"type":"cond-expr","locations":[{"start":{"line":30,"column":6},"end":{"line":30,"column":43}},{"start":{"line":31,"column":6},"end":{"line":31,"column":48}}],"line":29},"1":{"loc":{"start":{"line":29,"column":2},"end":{"line":29,"column":50}},"type":"binary-expr","locations":[{"start":{"line":29,"column":2},"end":{"line":29,"column":13}},{"start":{"line":29,"column":17},"end":{"line":29,"column":50}}],"line":29},"2":{"loc":{"start":{"line":37,"column":2},"end":{"line":39,"column":46}},"type":"cond-expr","locations":[{"start":{"line":38,"column":6},"end":{"line":38,"column":40}},{"start":{"line":39,"column":6},"end":{"line":39,"column":46}}],"line":37},"3":{"loc":{"start":{"line":60,"column":2},"end":{"line":62,"column":47}},"type":"cond-expr","locations":[{"start":{"line":61,"column":6},"end":{"line":61,"column":43}},{"start":{"line":62,"column":6},"end":{"line":62,"column":47}}],"line":60},"4":{"loc":{"start":{"line":87,"column":2},"end":{"line":89,"column":47}},"type":"cond-expr","locations":[{"start":{"line":88,"column":6},"end":{"line":88,"column":43}},{"start":{"line":89,"column":6},"end":{"line":89,"column":47}}],"line":87},"5":{"loc":{"start":{"line":111,"column":2},"end":{"line":113,"column":47}},"type":"cond-expr","locations":[{"start":{"line":112,"column":6},"end":{"line":112,"column":43}},{"start":{"line":113,"column":6},"end":{"line":113,"column":47}}],"line":111},"6":{"loc":{"start":{"line":131,"column":2},"end":{"line":133,"column":47}},"type":"cond-expr","locations":[{"start":{"line":132,"column":6},"end":{"line":132,"column":43}},{"start":{"line":133,"column":6},"end":{"line":133,"column":47}}],"line":131},"7":{"loc":{"start":{"line":143,"column":2},"end":{"line":145,"column":46}},"type":"cond-expr","locations":[{"start":{"line":144,"column":6},"end":{"line":144,"column":40}},{"start":{"line":145,"column":6},"end":{"line":145,"column":46}}],"line":143},"8":{"loc":{"start":{"line":151,"column":2},"end":{"line":153,"column":46}},"type":"cond-expr","locations":[{"start":{"line":152,"column":6},"end":{"line":152,"column":36}},{"start":{"line":153,"column":6},"end":{"line":153,"column":46}}],"line":151}},"s":{"0":8,"1":8,"2":8,"3":8,"4":5,"5":5,"6":5,"7":3,"8":3,"9":8,"10":1,"11":1,"12":1,"13":8,"14":1,"15":1,"16":8,"17":1,"18":1,"19":1,"20":1,"21":1,"22":1,"23":8,"24":1,"25":1,"26":1,"27":0,"28":0,"29":0,"30":0,"31":0,"32":0,"33":8,"34":1,"35":1,"36":1,"37":0,"38":1,"39":1,"40":8,"41":1,"42":1,"43":1,"44":1,"45":8,"46":4,"47":4,"48":4,"49":4,"50":8,"51":0,"52":0,"53":0,"54":8},"f":{"0":5,"1":1,"2":1,"3":1,"4":1,"5":0,"6":1,"7":0,"8":1,"9":4,"10":0},"b":{"0":[1,0],"1":[1,1],"2":[1,0],"3":[1,0],"4":[0,0],"5":[1,0],"6":[1,0],"7":[4,0],"8":[0,0]},"_coverageSchema":"1a1c01bbd47fc00a2c39e90264f33305004495a9","hash":"d4d6c38e4589c373aa77083558e3cfa17d1800b3"}
}
