TN:
SF:index.js
FN:14,(anonymous_0)
FN:16,(anonymous_1)
FNF:2
FNH:1
FNDA:0,(anonymous_0)
FNDA:8,(anonymous_1)
DA:1,8
DA:2,8
DA:4,8
DA:5,8
DA:7,8
DA:9,8
DA:11,8
DA:13,8
DA:14,8
DA:15,8
DA:16,8
DA:17,8
DA:18,8
DA:21,8
DA:22,0
DA:25,0
DA:28,8
DA:30,8
LF:18
LH:16
BRDA:21,0,0,0
BRDA:21,0,1,8
BRF:2
BRH:1
end_of_record
TN:
SF:models\User.js
FNF:0
FNH:0
DA:1,8
DA:2,8
DA:4,8
DA:6,8
DA:14,8
LF:5
LH:5
BRF:0
BRH:0
end_of_record
TN:
SF:routers\router.js
FN:6,(anonymous_0)
FN:24,(anonymous_1)
FN:34,(anonymous_2)
FN:42,(anonymous_3)
FN:65,(anonymous_4)
FN:70,(anonymous_5)
FN:92,(anonymous_6)
FN:102,(anonymous_7)
FN:116,(anonymous_8)
FN:136,(anonymous_9)
FN:148,(anonymous_10)
FNF:11
FNH:8
FNDA:5,(anonymous_0)
FNDA:1,(anonymous_1)
FNDA:1,(anonymous_2)
FNDA:1,(anonymous_3)
FNDA:1,(anonymous_4)
FNDA:0,(anonymous_5)
FNDA:1,(anonymous_6)
FNDA:0,(anonymous_7)
FNDA:1,(anonymous_8)
FNDA:4,(anonymous_9)
FNDA:0,(anonymous_10)
DA:1,8
DA:2,8
DA:4,8
DA:6,8
DA:7,5
DA:9,5
DA:17,5
DA:19,3
DA:21,3
DA:24,8
DA:25,1
DA:27,1
DA:29,1
DA:34,8
DA:35,1
DA:37,1
DA:42,8
DA:43,1
DA:45,1
DA:46,1
DA:48,1
DA:59,1
DA:60,1
DA:65,8
DA:66,1
DA:68,1
DA:69,1
DA:70,0
DA:72,0
DA:73,0
DA:75,0
DA:86,0
DA:87,0
DA:92,8
DA:93,1
DA:95,1
DA:97,1
DA:102,0
DA:110,1
DA:111,1
DA:116,8
DA:117,1
DA:119,1
DA:130,1
DA:131,1
DA:136,8
DA:137,4
DA:139,4
DA:141,4
DA:143,4
DA:148,8
DA:149,0
DA:150,0
DA:151,0
DA:156,8
LF:55
LH:45
BRDA:29,0,0,1
BRDA:29,0,1,0
BRDA:29,1,0,1
BRDA:29,1,1,1
BRDA:37,2,0,1
BRDA:37,2,1,0
BRDA:60,3,0,1
BRDA:60,3,1,0
BRDA:87,4,0,0
BRDA:87,4,1,0
BRDA:111,5,0,1
BRDA:111,5,1,0
BRDA:131,6,0,1
BRDA:131,6,1,0
BRDA:143,7,0,4
BRDA:143,7,1,0
BRDA:151,8,0,0
BRDA:151,8,1,0
BRF:18
BRH:8
end_of_record
